[0.259s] DEBUG:colcon:Command line arguments: ['/usr/bin/colcon', 'build', '--symlink-install']
[0.259s] DEBUG:colcon:Parsed command line arguments: Namespace(allow_overriding=[], ament_cmake_args=None, base_paths=['.'], build_base='build', catkin_cmake_args=None, catkin_skip_building_tests=False, cmake_args=None, cmake_clean_cache=False, cmake_clean_first=False, cmake_force_configure=False, cmake_target=None, cmake_target_skip_unavailable=False, continue_on_error=False, event_handlers=None, executor='parallel', ignore_user_meta=False, install_base='install', log_base=None, log_level=None, main=<bound method BuildVerb.main of <colcon_core.verb.build.BuildVerb object at 0x7f09f32f26a0>>, merge_install=False, metas=['./colcon.meta'], packages_above=None, packages_above_and_dependencies=None, packages_above_depth=None, packages_end=None, packages_ignore=None, packages_ignore_regex=None, packages_select=None, packages_select_build_failed=False, packages_select_by_dep=None, packages_select_regex=None, packages_select_test_failures=False, packages_skip=None, packages_skip_build_finished=False, packages_skip_by_dep=None, packages_skip_regex=None, packages_skip_test_passed=False, packages_skip_up_to=None, packages_start=None, packages_up_to=None, packages_up_to_regex=None, parallel_workers=8, paths=None, symlink_install=True, test_result_base=None, verb_extension=<colcon_core.verb.build.BuildVerb object at 0x7f09f32f26a0>, verb_name='build', verb_parser=<colcon_defaults.argument_parser.defaults.DefaultArgumentsDecorator object at 0x7f09f32f2be0>)
[0.281s] Level 1:colcon.colcon_core.package_discovery:discover_packages(colcon_meta) check parameters
[0.282s] Level 1:colcon.colcon_core.package_discovery:discover_packages(recursive) check parameters
[0.282s] Level 1:colcon.colcon_core.package_discovery:discover_packages(ignore) check parameters
[0.282s] Level 1:colcon.colcon_core.package_discovery:discover_packages(path) check parameters
[0.282s] Level 1:colcon.colcon_core.package_discovery:discover_packages(colcon_meta) discover
[0.282s] Level 1:colcon.colcon_core.package_discovery:discover_packages(recursive) discover
[0.282s] INFO:colcon.colcon_core.package_discovery:Crawling recursively for packages in '/home/nargas/FUM6RProjectFiles/plugin/torque_message'
[0.282s] Level 1:colcon.colcon_core.package_identification:_identify(.) by extensions ['ignore', 'ignore_ament_install']
[0.282s] Level 1:colcon.colcon_core.package_identification:_identify(.) by extension 'ignore'
[0.282s] Level 1:colcon.colcon_core.package_identification:_identify(.) by extension 'ignore_ament_install'
[0.282s] Level 1:colcon.colcon_core.package_identification:_identify(.) by extensions ['colcon_pkg']
[0.282s] Level 1:colcon.colcon_core.package_identification:_identify(.) by extension 'colcon_pkg'
[0.282s] Level 1:colcon.colcon_core.package_identification:_identify(.) by extensions ['colcon_meta']
[0.282s] Level 1:colcon.colcon_core.package_identification:_identify(.) by extension 'colcon_meta'
[0.282s] Level 1:colcon.colcon_core.package_identification:_identify(.) by extensions ['ros']
[0.282s] Level 1:colcon.colcon_core.package_identification:_identify(.) by extension 'ros'
[0.302s] DEBUG:colcon.colcon_core.package_identification:Package '.' with type 'ros.ament_cmake' and name 'torque_message'
[0.302s] Level 1:colcon.colcon_core.package_discovery:discover_packages(recursive) using defaults
[0.302s] Level 1:colcon.colcon_core.package_discovery:discover_packages(ignore) discover
[0.302s] Level 1:colcon.colcon_core.package_discovery:discover_packages(ignore) using defaults
[0.302s] Level 1:colcon.colcon_core.package_discovery:discover_packages(path) discover
[0.302s] Level 1:colcon.colcon_core.package_discovery:discover_packages(path) using defaults
[0.320s] Level 1:colcon.colcon_core.package_discovery:discover_packages(prefix_path) check parameters
[0.320s] Level 1:colcon.colcon_core.package_discovery:discover_packages(prefix_path) discover
[0.323s] DEBUG:colcon.colcon_installed_package_information.package_discovery:Found 290 installed packages in /opt/ros/foxy
[0.324s] Level 1:colcon.colcon_core.package_discovery:discover_packages(prefix_path) using defaults
[0.390s] Level 5:colcon.colcon_core.verb:set package 'torque_message' build argument 'cmake_args' from command line to 'None'
[0.390s] Level 5:colcon.colcon_core.verb:set package 'torque_message' build argument 'cmake_target' from command line to 'None'
[0.390s] Level 5:colcon.colcon_core.verb:set package 'torque_message' build argument 'cmake_target_skip_unavailable' from command line to 'False'
[0.390s] Level 5:colcon.colcon_core.verb:set package 'torque_message' build argument 'cmake_clean_cache' from command line to 'False'
[0.390s] Level 5:colcon.colcon_core.verb:set package 'torque_message' build argument 'cmake_clean_first' from command line to 'False'
[0.390s] Level 5:colcon.colcon_core.verb:set package 'torque_message' build argument 'cmake_force_configure' from command line to 'False'
[0.390s] Level 5:colcon.colcon_core.verb:set package 'torque_message' build argument 'ament_cmake_args' from command line to 'None'
[0.390s] Level 5:colcon.colcon_core.verb:set package 'torque_message' build argument 'catkin_cmake_args' from command line to 'None'
[0.390s] Level 5:colcon.colcon_core.verb:set package 'torque_message' build argument 'catkin_skip_building_tests' from command line to 'False'
[0.390s] DEBUG:colcon.colcon_core.verb:Building package 'torque_message' with the following arguments: {'ament_cmake_args': None, 'build_base': '/home/nargas/FUM6RProjectFiles/plugin/torque_message/build/torque_message', 'catkin_cmake_args': None, 'catkin_skip_building_tests': False, 'cmake_args': None, 'cmake_clean_cache': False, 'cmake_clean_first': False, 'cmake_force_configure': False, 'cmake_target': None, 'cmake_target_skip_unavailable': False, 'install_base': '/home/nargas/FUM6RProjectFiles/plugin/torque_message/install/torque_message', 'merge_install': False, 'path': '/home/nargas/FUM6RProjectFiles/plugin/torque_message', 'symlink_install': True, 'test_result_base': None}
[0.391s] INFO:colcon.colcon_core.executor:Executing jobs using 'parallel' executor
[0.395s] DEBUG:colcon.colcon_parallel_executor.executor.parallel:run_until_complete
[0.395s] INFO:colcon.colcon_ros.task.ament_cmake.build:Building ROS package in '/home/nargas/FUM6RProjectFiles/plugin/torque_message' with build type 'ament_cmake'
[0.395s] INFO:colcon.colcon_cmake.task.cmake.build:Building CMake package in '/home/nargas/FUM6RProjectFiles/plugin/torque_message'
[0.398s] INFO:colcon.colcon_core.plugin_system:Skipping extension 'colcon_core.shell.bat': Not used on non-Windows systems
[0.399s] INFO:colcon.colcon_core.shell:Skip shell extension 'powershell' for command environment: Not usable outside of PowerShell
[0.399s] DEBUG:colcon.colcon_core.shell:Skip shell extension 'dsv' for command environment
[0.409s] DEBUG:colcon.colcon_core.event_handler.log_command:Invoking command in '/home/nargas/FUM6RProjectFiles/plugin/torque_message/build/torque_message': CMAKE_PREFIX_PATH=/opt/ros/foxy /usr/bin/cmake /home/nargas/FUM6RProjectFiles/plugin/torque_message -DAMENT_CMAKE_SYMLINK_INSTALL=1 -DCMAKE_INSTALL_PREFIX=/home/nargas/FUM6RProjectFiles/plugin/torque_message/install/torque_message
[2.769s] DEBUG:colcon.colcon_core.event_handler.log_command:Invoked command in '/home/nargas/FUM6RProjectFiles/plugin/torque_message/build/torque_message' returned '0': CMAKE_PREFIX_PATH=/opt/ros/foxy /usr/bin/cmake /home/nargas/FUM6RProjectFiles/plugin/torque_message -DAMENT_CMAKE_SYMLINK_INSTALL=1 -DCMAKE_INSTALL_PREFIX=/home/nargas/FUM6RProjectFiles/plugin/torque_message/install/torque_message
[2.772s] DEBUG:colcon.colcon_core.event_handler.log_command:Invoking command in '/home/nargas/FUM6RProjectFiles/plugin/torque_message/build/torque_message': CMAKE_PREFIX_PATH=/opt/ros/foxy /usr/bin/cmake --build /home/nargas/FUM6RProjectFiles/plugin/torque_message/build/torque_message -- -j8 -l8
[5.520s] DEBUG:colcon.colcon_core.event_handler.log_command:Invoked command in '/home/nargas/FUM6RProjectFiles/plugin/torque_message/build/torque_message' returned '0': CMAKE_PREFIX_PATH=/opt/ros/foxy /usr/bin/cmake --build /home/nargas/FUM6RProjectFiles/plugin/torque_message/build/torque_message -- -j8 -l8
[5.576s] DEBUG:colcon.colcon_core.event_handler.log_command:Invoking command in '/home/nargas/FUM6RProjectFiles/plugin/torque_message/build/torque_message': CMAKE_PREFIX_PATH=/opt/ros/foxy /usr/bin/cmake --install /home/nargas/FUM6RProjectFiles/plugin/torque_message/build/torque_message
[6.105s] Level 1:colcon.colcon_core.environment:create_environment_scripts_only(torque_message)
[6.106s] DEBUG:colcon.colcon_core.event_handler.log_command:Invoked command in '/home/nargas/FUM6RProjectFiles/plugin/torque_message/build/torque_message' returned '0': CMAKE_PREFIX_PATH=/opt/ros/foxy /usr/bin/cmake --install /home/nargas/FUM6RProjectFiles/plugin/torque_message/build/torque_message
[6.111s] Level 1:colcon.colcon_core.environment:checking '/home/nargas/FUM6RProjectFiles/plugin/torque_message/install/torque_message' for CMake module files
[6.112s] Level 1:colcon.colcon_core.environment:checking '/home/nargas/FUM6RProjectFiles/plugin/torque_message/install/torque_message' for CMake config files
[6.113s] Level 1:colcon.colcon_core.shell:create_environment_hook('torque_message', 'cmake_prefix_path')
[6.114s] INFO:colcon.colcon_core.shell:Creating environment hook '/home/nargas/FUM6RProjectFiles/plugin/torque_message/install/torque_message/share/torque_message/hook/cmake_prefix_path.ps1'
[6.114s] INFO:colcon.colcon_core.shell:Creating environment descriptor '/home/nargas/FUM6RProjectFiles/plugin/torque_message/install/torque_message/share/torque_message/hook/cmake_prefix_path.dsv'
[6.115s] INFO:colcon.colcon_core.shell:Creating environment hook '/home/nargas/FUM6RProjectFiles/plugin/torque_message/install/torque_message/share/torque_message/hook/cmake_prefix_path.sh'
[6.115s] Level 1:colcon.colcon_core.environment:checking '/home/nargas/FUM6RProjectFiles/plugin/torque_message/install/torque_message/lib'
[6.115s] Level 1:colcon.colcon_core.shell:create_environment_hook('torque_message', 'ld_library_path_lib')
[6.117s] INFO:colcon.colcon_core.shell:Creating environment hook '/home/nargas/FUM6RProjectFiles/plugin/torque_message/install/torque_message/share/torque_message/hook/ld_library_path_lib.ps1'
[6.117s] INFO:colcon.colcon_core.shell:Creating environment descriptor '/home/nargas/FUM6RProjectFiles/plugin/torque_message/install/torque_message/share/torque_message/hook/ld_library_path_lib.dsv'
[6.117s] INFO:colcon.colcon_core.shell:Creating environment hook '/home/nargas/FUM6RProjectFiles/plugin/torque_message/install/torque_message/share/torque_message/hook/ld_library_path_lib.sh'
[6.117s] Level 1:colcon.colcon_core.environment:checking '/home/nargas/FUM6RProjectFiles/plugin/torque_message/install/torque_message/bin'
[6.117s] Level 1:colcon.colcon_core.environment:checking '/home/nargas/FUM6RProjectFiles/plugin/torque_message/install/torque_message/lib/pkgconfig/torque_message.pc'
[6.118s] Level 1:colcon.colcon_core.environment:checking '/home/nargas/FUM6RProjectFiles/plugin/torque_message/install/torque_message/lib/python3.8/site-packages'
[6.118s] Level 1:colcon.colcon_core.shell:create_environment_hook('torque_message', 'pythonpath')
[6.119s] INFO:colcon.colcon_core.shell:Creating environment hook '/home/nargas/FUM6RProjectFiles/plugin/torque_message/install/torque_message/share/torque_message/hook/pythonpath.ps1'
[6.119s] INFO:colcon.colcon_core.shell:Creating environment descriptor '/home/nargas/FUM6RProjectFiles/plugin/torque_message/install/torque_message/share/torque_message/hook/pythonpath.dsv'
[6.119s] INFO:colcon.colcon_core.shell:Creating environment hook '/home/nargas/FUM6RProjectFiles/plugin/torque_message/install/torque_message/share/torque_message/hook/pythonpath.sh'
[6.120s] Level 1:colcon.colcon_core.environment:checking '/home/nargas/FUM6RProjectFiles/plugin/torque_message/install/torque_message/bin'
[6.121s] INFO:colcon.colcon_core.shell:Creating package script '/home/nargas/FUM6RProjectFiles/plugin/torque_message/install/torque_message/share/torque_message/package.ps1'
[6.122s] INFO:colcon.colcon_core.shell:Creating package descriptor '/home/nargas/FUM6RProjectFiles/plugin/torque_message/install/torque_message/share/torque_message/package.dsv'
[6.122s] INFO:colcon.colcon_core.shell:Creating package script '/home/nargas/FUM6RProjectFiles/plugin/torque_message/install/torque_message/share/torque_message/package.sh'
[6.123s] INFO:colcon.colcon_core.shell:Creating package script '/home/nargas/FUM6RProjectFiles/plugin/torque_message/install/torque_message/share/torque_message/package.bash'
[6.123s] INFO:colcon.colcon_core.shell:Creating package script '/home/nargas/FUM6RProjectFiles/plugin/torque_message/install/torque_message/share/torque_message/package.zsh'
[6.124s] Level 1:colcon.colcon_core.environment:create_file_with_runtime_dependencies(/home/nargas/FUM6RProjectFiles/plugin/torque_message/install/torque_message/share/colcon-core/packages/torque_message)
[6.174s] Level 1:colcon.colcon_core.environment:create_environment_scripts_only(torque_message)
[6.176s] Level 1:colcon.colcon_core.environment:checking '/home/nargas/FUM6RProjectFiles/plugin/torque_message/install/torque_message' for CMake module files
[6.176s] Level 1:colcon.colcon_core.environment:checking '/home/nargas/FUM6RProjectFiles/plugin/torque_message/install/torque_message' for CMake config files
[6.177s] Level 1:colcon.colcon_core.shell:create_environment_hook('torque_message', 'cmake_prefix_path')
[6.178s] INFO:colcon.colcon_core.shell:Creating environment hook '/home/nargas/FUM6RProjectFiles/plugin/torque_message/install/torque_message/share/torque_message/hook/cmake_prefix_path.ps1'
[6.178s] INFO:colcon.colcon_core.shell:Creating environment descriptor '/home/nargas/FUM6RProjectFiles/plugin/torque_message/install/torque_message/share/torque_message/hook/cmake_prefix_path.dsv'
[6.179s] INFO:colcon.colcon_core.shell:Creating environment hook '/home/nargas/FUM6RProjectFiles/plugin/torque_message/install/torque_message/share/torque_message/hook/cmake_prefix_path.sh'
[6.179s] Level 1:colcon.colcon_core.environment:checking '/home/nargas/FUM6RProjectFiles/plugin/torque_message/install/torque_message/lib'
[6.179s] Level 1:colcon.colcon_core.shell:create_environment_hook('torque_message', 'ld_library_path_lib')
[6.180s] INFO:colcon.colcon_core.shell:Creating environment hook '/home/nargas/FUM6RProjectFiles/plugin/torque_message/install/torque_message/share/torque_message/hook/ld_library_path_lib.ps1'
[6.181s] INFO:colcon.colcon_core.shell:Creating environment descriptor '/home/nargas/FUM6RProjectFiles/plugin/torque_message/install/torque_message/share/torque_message/hook/ld_library_path_lib.dsv'
[6.181s] INFO:colcon.colcon_core.shell:Creating environment hook '/home/nargas/FUM6RProjectFiles/plugin/torque_message/install/torque_message/share/torque_message/hook/ld_library_path_lib.sh'
[6.181s] Level 1:colcon.colcon_core.environment:checking '/home/nargas/FUM6RProjectFiles/plugin/torque_message/install/torque_message/bin'
[6.181s] Level 1:colcon.colcon_core.environment:checking '/home/nargas/FUM6RProjectFiles/plugin/torque_message/install/torque_message/lib/pkgconfig/torque_message.pc'
[6.182s] Level 1:colcon.colcon_core.environment:checking '/home/nargas/FUM6RProjectFiles/plugin/torque_message/install/torque_message/lib/python3.8/site-packages'
[6.182s] Level 1:colcon.colcon_core.shell:create_environment_hook('torque_message', 'pythonpath')
[6.183s] INFO:colcon.colcon_core.shell:Creating environment hook '/home/nargas/FUM6RProjectFiles/plugin/torque_message/install/torque_message/share/torque_message/hook/pythonpath.ps1'
[6.183s] INFO:colcon.colcon_core.shell:Creating environment descriptor '/home/nargas/FUM6RProjectFiles/plugin/torque_message/install/torque_message/share/torque_message/hook/pythonpath.dsv'
[6.183s] INFO:colcon.colcon_core.shell:Creating environment hook '/home/nargas/FUM6RProjectFiles/plugin/torque_message/install/torque_message/share/torque_message/hook/pythonpath.sh'
[6.184s] Level 1:colcon.colcon_core.environment:checking '/home/nargas/FUM6RProjectFiles/plugin/torque_message/install/torque_message/bin'
[6.186s] INFO:colcon.colcon_core.shell:Creating package script '/home/nargas/FUM6RProjectFiles/plugin/torque_message/install/torque_message/share/torque_message/package.ps1'
[6.186s] INFO:colcon.colcon_core.shell:Creating package descriptor '/home/nargas/FUM6RProjectFiles/plugin/torque_message/install/torque_message/share/torque_message/package.dsv'
[6.187s] INFO:colcon.colcon_core.shell:Creating package script '/home/nargas/FUM6RProjectFiles/plugin/torque_message/install/torque_message/share/torque_message/package.sh'
[6.187s] INFO:colcon.colcon_core.shell:Creating package script '/home/nargas/FUM6RProjectFiles/plugin/torque_message/install/torque_message/share/torque_message/package.bash'
[6.187s] INFO:colcon.colcon_core.shell:Creating package script '/home/nargas/FUM6RProjectFiles/plugin/torque_message/install/torque_message/share/torque_message/package.zsh'
[6.188s] Level 1:colcon.colcon_core.environment:create_file_with_runtime_dependencies(/home/nargas/FUM6RProjectFiles/plugin/torque_message/install/torque_message/share/colcon-core/packages/torque_message)
[6.188s] DEBUG:colcon.colcon_parallel_executor.executor.parallel:closing loop
[6.188s] DEBUG:colcon.colcon_parallel_executor.executor.parallel:loop closed
[6.188s] DEBUG:colcon.colcon_parallel_executor.executor.parallel:run_until_complete finished with '0'
[6.188s] DEBUG:colcon.colcon_core.event_reactor:joining thread
[6.193s] INFO:colcon.colcon_core.plugin_system:Skipping extension 'colcon_notification.desktop_notification.terminal_notifier': Not used on non-Darwin systems
[6.193s] INFO:colcon.colcon_core.plugin_system:Skipping extension 'colcon_notification.desktop_notification.win32': Not used on non-Windows systems
[6.193s] INFO:colcon.colcon_notification.desktop_notification:Sending desktop notification using 'notify2'
[6.206s] DEBUG:colcon.colcon_core.event_reactor:joined thread
[6.208s] INFO:colcon.colcon_core.shell:Creating prefix script '/home/nargas/FUM6RProjectFiles/plugin/torque_message/install/local_setup.ps1'
[6.209s] INFO:colcon.colcon_core.shell:Creating prefix util module '/home/nargas/FUM6RProjectFiles/plugin/torque_message/install/_local_setup_util_ps1.py'
[6.211s] INFO:colcon.colcon_core.shell:Creating prefix chain script '/home/nargas/FUM6RProjectFiles/plugin/torque_message/install/setup.ps1'
[6.213s] INFO:colcon.colcon_core.shell:Creating prefix script '/home/nargas/FUM6RProjectFiles/plugin/torque_message/install/local_setup.sh'
[6.213s] INFO:colcon.colcon_core.shell:Creating prefix util module '/home/nargas/FUM6RProjectFiles/plugin/torque_message/install/_local_setup_util_sh.py'
[6.214s] INFO:colcon.colcon_core.shell:Creating prefix chain script '/home/nargas/FUM6RProjectFiles/plugin/torque_message/install/setup.sh'
[6.215s] INFO:colcon.colcon_core.shell:Creating prefix script '/home/nargas/FUM6RProjectFiles/plugin/torque_message/install/local_setup.bash'
[6.216s] INFO:colcon.colcon_core.shell:Creating prefix chain script '/home/nargas/FUM6RProjectFiles/plugin/torque_message/install/setup.bash'
[6.217s] INFO:colcon.colcon_core.shell:Creating prefix script '/home/nargas/FUM6RProjectFiles/plugin/torque_message/install/local_setup.zsh'
[6.218s] INFO:colcon.colcon_core.shell:Creating prefix chain script '/home/nargas/FUM6RProjectFiles/plugin/torque_message/install/setup.zsh'
