-- The C compiler identification is GNU 9.4.0
-- The CXX compiler identification is GNU 9.4.0
-- Check for working C compiler: /usr/bin/cc
-- Check for working C compiler: /usr/bin/cc -- works
-- Detecting C compiler ABI info
-- Detecting C compiler ABI info - done
-- Detecting C compile features
-- Detecting C compile features - done
-- Check for working CXX compiler: /usr/bin/c++
-- Check for working CXX compiler: /usr/bin/c++ -- works
-- Detecting CXX compiler ABI info
-- Detecting CXX compiler ABI info - done
-- Detecting CXX compile features
-- Detecting CXX compile features - done
-- Found ament_cmake: 0.9.11 (/opt/ros/foxy/share/ament_cmake/cmake)
-- Found PythonInterp: /usr/bin/python3 (found suitable version "3.8.10", minimum required is "3") 
-- Using PYTHON_EXECUTABLE: /usr/bin/python3
-- Override CMake install command with custom implementation using symlinks instead of copying resources
-- Found geometry_msgs: 2.0.5 (/opt/ros/foxy/share/geometry_msgs/cmake)
-- Using all available rosidl_typesupport_c: rosidl_typesupport_fastrtps_c;rosidl_typesupport_introspection_c
-- Found rosidl_adapter: 1.3.0 (/opt/ros/foxy/share/rosidl_adapter/cmake)
-- Found OpenSSL: /usr/lib/x86_64-linux-gnu/libcrypto.so (found version "1.1.1f")  
-- Found FastRTPS: /opt/ros/foxy/include  
-- Using all available rosidl_typesupport_cpp: rosidl_typesupport_fastrtps_cpp;rosidl_typesupport_introspection_cpp
-- Found sensor_msgs: 2.0.5 (/opt/ros/foxy/share/sensor_msgs/cmake)
-- Found rosidl_default_generators: 1.0.1 (/opt/ros/foxy/share/rosidl_default_generators/cmake)
-- Found PythonInterp: /usr/bin/python3 (found version "3.8.10") 
-- Found ament_cmake_ros: 0.9.2 (/opt/ros/foxy/share/ament_cmake_ros/cmake)
-- Using all available rosidl_typesupport_c: rosidl_typesupport_fastrtps_c;rosidl_typesupport_introspection_c
-- Using all available rosidl_typesupport_cpp: rosidl_typesupport_fastrtps_cpp;rosidl_typesupport_introspection_cpp
-- Found PythonInterp: /usr/bin/python3 (found suitable version "3.8.10", minimum required is "3.5") 
-- Found python_cmake_module: 0.8.1 (/opt/ros/foxy/share/python_cmake_module/cmake)
-- Found PythonLibs: /usr/lib/x86_64-linux-gnu/libpython3.8.so (found suitable version "3.8.10", minimum required is "3.5") 
-- Using PYTHON_EXECUTABLE: /usr/bin/python3
-- Using PYTHON_INCLUDE_DIRS: /usr/include/python3.8
-- Using PYTHON_LIBRARIES: /usr/lib/x86_64-linux-gnu/libpython3.8.so
-- Found PythonExtra: .so  
-- Found ament_lint_auto: 0.9.8 (/opt/ros/foxy/share/ament_lint_auto/cmake)
-- Added test 'copyright' to check source files copyright and LICENSE
-- Added test 'cppcheck' to perform static code analysis on C / C++ code
-- Configured cppcheck include dirs: $<BUILD_INTERFACE:/home/nargas/FUM6RProjectFiles/plugin/torque_message/build/torque_message/rosidl_generator_c>;/home/nargas/FUM6RProjectFiles/plugin/torque_message/build/torque_message/rosidl_generator_c;/home/nargas/FUM6RProjectFiles/plugin/torque_message/build/torque_message/rosidl_generator_cpp;/home/nargas/FUM6RProjectFiles/plugin/torque_message/build/torque_message/rosidl_typesupport_fastrtps_c;/home/nargas/FUM6RProjectFiles/plugin/torque_message/build/torque_message/rosidl_typesupport_fastrtps_cpp;$<BUILD_INTERFACE:/home/nargas/FUM6RProjectFiles/plugin/torque_message/build/torque_message/rosidl_typesupport_introspection_c>;$<BUILD_INTERFACE:/home/nargas/FUM6RProjectFiles/plugin/torque_message/build/torque_message/rosidl_typesupport_c>;$<BUILD_INTERFACE:/home/nargas/FUM6RProjectFiles/plugin/torque_message/build/torque_message/rosidl_generator_cpp>;/home/nargas/FUM6RProjectFiles/plugin/torque_message/build/torque_message/rosidl_generator_py
-- Configured cppcheck exclude dirs and/or files: 
-- Added test 'cpplint' to check C / C++ code against the Google style
-- Configured cpplint exclude dirs and/or files: 
-- Added test 'flake8' to check Python code syntax and style conventions
-- Added test 'lint_cmake' to check CMake code style
-- Added test 'pep257' to check Python code against some of the style conventions in PEP 257
-- Added test 'uncrustify' to check C / C++ code style
-- Configured uncrustify additional arguments: 
-- Added test 'xmllint' to check XML markup files
-- Configuring done
-- Generating done
-- Build files have been written to: /home/nargas/FUM6RProjectFiles/plugin/torque_message/build/torque_message
[35m[1mScanning dependencies of target torque_message__cpp[0m
[  3%] [34m[1mGenerating C code for ROS interfaces[0m
[  6%] [34m[1mGenerating C++ code for ROS interfaces[0m
[35m[1mScanning dependencies of target torque_message__rosidl_generator_c[0m
[  6%] Built target torque_message__cpp
[  9%] [34m[1mGenerating C++ type support for eProsima Fast-RTPS[0m
[ 12%] [34m[1mGenerating C++ type support dispatch for ROS interfaces[0m
[ 16%] [34m[1mGenerating C++ introspection for ROS interfaces[0m
[ 19%] [32mBuilding C object CMakeFiles/torque_message__rosidl_generator_c.dir/rosidl_generator_c/torque_message/srv/detail/tr_msg__functions.c.o[0m
[ 22%] [32m[1mLinking C shared library libtorque_message__rosidl_generator_c.so[0m
[ 22%] Built target torque_message__rosidl_generator_c
[ 25%] [34m[1mGenerating C introspection for ROS interfaces[0m
[ 29%] [34m[1mGenerating C type support dispatch for ROS interfaces[0m
[35m[1mScanning dependencies of target torque_message__rosidl_typesupport_cpp[0m
[35m[1mScanning dependencies of target torque_message__rosidl_typesupport_introspection_cpp[0m
[ 32%] [32mBuilding CXX object CMakeFiles/torque_message__rosidl_typesupport_cpp.dir/rosidl_typesupport_cpp/torque_message/srv/tr_msg__type_support.cpp.o[0m
[ 35%] [32mBuilding CXX object CMakeFiles/torque_message__rosidl_typesupport_introspection_cpp.dir/rosidl_typesupport_introspection_cpp/torque_message/srv/detail/tr_msg__type_support.cpp.o[0m
[35m[1mScanning dependencies of target torque_message__rosidl_typesupport_fastrtps_cpp[0m
[ 38%] [32mBuilding CXX object CMakeFiles/torque_message__rosidl_typesupport_fastrtps_cpp.dir/rosidl_typesupport_fastrtps_cpp/torque_message/srv/detail/dds_fastrtps/tr_msg__type_support.cpp.o[0m
[35m[1mScanning dependencies of target torque_message__rosidl_typesupport_c[0m
[35m[1mScanning dependencies of target torque_message__rosidl_typesupport_introspection_c[0m
[ 45%] [32m[1mLinking CXX shared library libtorque_message__rosidl_typesupport_cpp.so[0m
[ 45%] [32mBuilding CXX object CMakeFiles/torque_message__rosidl_typesupport_c.dir/rosidl_typesupport_c/torque_message/srv/tr_msg__type_support.cpp.o[0m
[ 48%] [32mBuilding C object CMakeFiles/torque_message__rosidl_typesupport_introspection_c.dir/rosidl_typesupport_introspection_c/torque_message/srv/detail/tr_msg__type_support.c.o[0m
[ 51%] [32m[1mLinking CXX shared library libtorque_message__rosidl_typesupport_introspection_cpp.so[0m
[ 54%] [32m[1mLinking CXX shared library libtorque_message__rosidl_typesupport_c.so[0m
[ 54%] Built target torque_message__rosidl_typesupport_cpp
[ 58%] [32m[1mLinking C shared library libtorque_message__rosidl_typesupport_introspection_c.so[0m
[ 58%] Built target torque_message__rosidl_typesupport_c
[ 58%] Built target torque_message__rosidl_typesupport_introspection_c
[ 58%] Built target torque_message__rosidl_typesupport_introspection_cpp
[ 61%] [32m[1mLinking CXX shared library libtorque_message__rosidl_typesupport_fastrtps_cpp.so[0m
[ 61%] Built target torque_message__rosidl_typesupport_fastrtps_cpp
[ 64%] [34m[1mGenerating C type support for eProsima Fast-RTPS[0m
[35m[1mScanning dependencies of target torque_message__rosidl_typesupport_fastrtps_c[0m
[ 67%] [32mBuilding CXX object CMakeFiles/torque_message__rosidl_typesupport_fastrtps_c.dir/rosidl_typesupport_fastrtps_c/torque_message/srv/detail/tr_msg__type_support_c.cpp.o[0m
[ 70%] [32m[1mLinking CXX shared library libtorque_message__rosidl_typesupport_fastrtps_c.so[0m
[ 70%] Built target torque_message__rosidl_typesupport_fastrtps_c
[35m[1mScanning dependencies of target torque_message[0m
[ 70%] Built target torque_message
[35m[1mScanning dependencies of target torque_message__py[0m
[ 74%] [34m[1mGenerating Python code for ROS interfaces[0m
[ 74%] Built target torque_message__py
[35m[1mScanning dependencies of target torque_message__python[0m
[ 77%] [32mBuilding C object CMakeFiles/torque_message__python.dir/rosidl_generator_py/torque_message/srv/_tr_msg_s.c.o[0m
[ 80%] [32m[1mLinking C shared library rosidl_generator_py/torque_message/libtorque_message__python.so[0m
[ 80%] Built target torque_message__python
[35m[1mScanning dependencies of target torque_message__rosidl_typesupport_introspection_c__pyext[0m
[35m[1mScanning dependencies of target torque_message__rosidl_typesupport_fastrtps_c__pyext[0m
[35m[1mScanning dependencies of target torque_message__rosidl_typesupport_c__pyext[0m
[ 83%] [32mBuilding C object CMakeFiles/torque_message__rosidl_typesupport_introspection_c__pyext.dir/rosidl_generator_py/torque_message/_torque_message_s.ep.rosidl_typesupport_introspection_c.c.o[0m
[ 87%] [32mBuilding C object CMakeFiles/torque_message__rosidl_typesupport_c__pyext.dir/rosidl_generator_py/torque_message/_torque_message_s.ep.rosidl_typesupport_c.c.o[0m
[ 90%] [32mBuilding C object CMakeFiles/torque_message__rosidl_typesupport_fastrtps_c__pyext.dir/rosidl_generator_py/torque_message/_torque_message_s.ep.rosidl_typesupport_fastrtps_c.c.o[0m
[ 96%] [32m[1mLinking C shared library rosidl_generator_py/torque_message/torque_message_s__rosidl_typesupport_introspection_c.cpython-38-x86_64-linux-gnu.so[0m
[ 96%] [32m[1mLinking C shared library rosidl_generator_py/torque_message/torque_message_s__rosidl_typesupport_c.cpython-38-x86_64-linux-gnu.so[0m
[100%] [32m[1mLinking CXX shared library rosidl_generator_py/torque_message/torque_message_s__rosidl_typesupport_fastrtps_c.cpython-38-x86_64-linux-gnu.so[0m
[100%] Built target torque_message__rosidl_typesupport_c__pyext
[100%] Built target torque_message__rosidl_typesupport_introspection_c__pyext
[100%] Built target torque_message__rosidl_typesupport_fastrtps_c__pyext
-- Install configuration: ""
-- Execute custom install script
-- Symlinking: /home/nargas/FUM6RProjectFiles/plugin/torque_message/install/torque_message/share/ament_index/resource_index/rosidl_interfaces/torque_message
-- Symlinking: /home/nargas/FUM6RProjectFiles/plugin/torque_message/install/torque_message/include/torque_message/msg/rosidl_generator_c__visibility_control.h
-- Symlinking: /home/nargas/FUM6RProjectFiles/plugin/torque_message/install/torque_message/include/torque_message/srv/detail/tr_msg__functions.h
-- Symlinking: /home/nargas/FUM6RProjectFiles/plugin/torque_message/install/torque_message/include/torque_message/srv/detail/tr_msg__struct.h
-- Symlinking: /home/nargas/FUM6RProjectFiles/plugin/torque_message/install/torque_message/include/torque_message/srv/detail/tr_msg__type_support.h
-- Symlinking: /home/nargas/FUM6RProjectFiles/plugin/torque_message/install/torque_message/include/torque_message/srv/tr_msg.h
-- Symlinking: /home/nargas/FUM6RProjectFiles/plugin/torque_message/install/torque_message/share/torque_message/environment/library_path.sh
-- Symlinking: /home/nargas/FUM6RProjectFiles/plugin/torque_message/install/torque_message/share/torque_message/environment/library_path.dsv
-- Symlinking: /home/nargas/FUM6RProjectFiles/plugin/torque_message/install/torque_message/include/torque_message/msg/rosidl_typesupport_fastrtps_c__visibility_control.h
-- Symlinking: /home/nargas/FUM6RProjectFiles/plugin/torque_message/install/torque_message/include/torque_message/srv/detail/tr_msg__rosidl_typesupport_fastrtps_c.h
-- Symlinking: /home/nargas/FUM6RProjectFiles/plugin/torque_message/install/torque_message/lib/libtorque_message__rosidl_typesupport_fastrtps_c.so
-- Symlinking: /home/nargas/FUM6RProjectFiles/plugin/torque_message/install/torque_message/include/torque_message/msg/rosidl_typesupport_fastrtps_cpp__visibility_control.h
-- Symlinking: /home/nargas/FUM6RProjectFiles/plugin/torque_message/install/torque_message/include/torque_message/srv/detail/tr_msg__rosidl_typesupport_fastrtps_cpp.hpp
-- Symlinking: /home/nargas/FUM6RProjectFiles/plugin/torque_message/install/torque_message/lib/libtorque_message__rosidl_typesupport_fastrtps_cpp.so
-- Symlinking: /home/nargas/FUM6RProjectFiles/plugin/torque_message/install/torque_message/include/torque_message/msg/rosidl_typesupport_introspection_c__visibility_control.h
-- Symlinking: /home/nargas/FUM6RProjectFiles/plugin/torque_message/install/torque_message/include/torque_message/srv/detail/tr_msg__rosidl_typesupport_introspection_c.h
-- Symlinking: /home/nargas/FUM6RProjectFiles/plugin/torque_message/install/torque_message/include/torque_message/srv/detail/tr_msg__builder.hpp
-- Symlinking: /home/nargas/FUM6RProjectFiles/plugin/torque_message/install/torque_message/include/torque_message/srv/detail/tr_msg__struct.hpp
-- Symlinking: /home/nargas/FUM6RProjectFiles/plugin/torque_message/install/torque_message/include/torque_message/srv/detail/tr_msg__traits.hpp
-- Symlinking: /home/nargas/FUM6RProjectFiles/plugin/torque_message/install/torque_message/include/torque_message/srv/tr_msg.hpp
-- Symlinking: /home/nargas/FUM6RProjectFiles/plugin/torque_message/install/torque_message/include/torque_message/srv/detail/tr_msg__rosidl_typesupport_introspection_cpp.hpp
-- Symlinking: /home/nargas/FUM6RProjectFiles/plugin/torque_message/install/torque_message/share/torque_message/environment/pythonpath.sh
-- Symlinking: /home/nargas/FUM6RProjectFiles/plugin/torque_message/install/torque_message/share/torque_message/environment/pythonpath.dsv
-- Symlinking: /home/nargas/FUM6RProjectFiles/plugin/torque_message/install/torque_message/lib/python3.8/site-packages/torque_message/__init__.py
-- Symlinking: /home/nargas/FUM6RProjectFiles/plugin/torque_message/install/torque_message/lib/python3.8/site-packages/torque_message/srv/__init__.py
-- Symlinking: /home/nargas/FUM6RProjectFiles/plugin/torque_message/install/torque_message/lib/python3.8/site-packages/torque_message/srv/_tr_msg.py
-- Symlinking: /home/nargas/FUM6RProjectFiles/plugin/torque_message/install/torque_message/lib/python3.8/site-packages/torque_message/torque_message_s__rosidl_typesupport_fastrtps_c.cpython-38-x86_64-linux-gnu.so
-- Symlinking: /home/nargas/FUM6RProjectFiles/plugin/torque_message/install/torque_message/lib/python3.8/site-packages/torque_message/torque_message_s__rosidl_typesupport_introspection_c.cpython-38-x86_64-linux-gnu.so
-- Symlinking: /home/nargas/FUM6RProjectFiles/plugin/torque_message/install/torque_message/lib/python3.8/site-packages/torque_message/torque_message_s__rosidl_typesupport_c.cpython-38-x86_64-linux-gnu.so
-- Symlinking: /home/nargas/FUM6RProjectFiles/plugin/torque_message/install/torque_message/lib/libtorque_message__python.so
-- Symlinking: /home/nargas/FUM6RProjectFiles/plugin/torque_message/install/torque_message/share/torque_message/srv/TRMsg.idl
-- Symlinking: /home/nargas/FUM6RProjectFiles/plugin/torque_message/install/torque_message/share/torque_message/srv/TRMsg.srv
-- Symlinking: /home/nargas/FUM6RProjectFiles/plugin/torque_message/install/torque_message/share/torque_message/srv/TRMsg_Request.msg
-- Symlinking: /home/nargas/FUM6RProjectFiles/plugin/torque_message/install/torque_message/share/torque_message/srv/TRMsg_Response.msg
-- Symlinking: /home/nargas/FUM6RProjectFiles/plugin/torque_message/install/torque_message/share/ament_index/resource_index/package_run_dependencies/torque_message
-- Symlinking: /home/nargas/FUM6RProjectFiles/plugin/torque_message/install/torque_message/share/ament_index/resource_index/parent_prefix_path/torque_message
-- Symlinking: /home/nargas/FUM6RProjectFiles/plugin/torque_message/install/torque_message/share/torque_message/environment/ament_prefix_path.sh
-- Symlinking: /home/nargas/FUM6RProjectFiles/plugin/torque_message/install/torque_message/share/torque_message/environment/ament_prefix_path.dsv
-- Symlinking: /home/nargas/FUM6RProjectFiles/plugin/torque_message/install/torque_message/share/torque_message/environment/path.sh
-- Symlinking: /home/nargas/FUM6RProjectFiles/plugin/torque_message/install/torque_message/share/torque_message/environment/path.dsv
-- Symlinking: /home/nargas/FUM6RProjectFiles/plugin/torque_message/install/torque_message/share/torque_message/local_setup.bash
-- Symlinking: /home/nargas/FUM6RProjectFiles/plugin/torque_message/install/torque_message/share/torque_message/local_setup.sh
-- Symlinking: /home/nargas/FUM6RProjectFiles/plugin/torque_message/install/torque_message/share/torque_message/local_setup.zsh
-- Symlinking: /home/nargas/FUM6RProjectFiles/plugin/torque_message/install/torque_message/share/torque_message/local_setup.dsv
-- Symlinking: /home/nargas/FUM6RProjectFiles/plugin/torque_message/install/torque_message/share/torque_message/package.dsv
-- Symlinking: /home/nargas/FUM6RProjectFiles/plugin/torque_message/install/torque_message/share/ament_index/resource_index/packages/torque_message
-- Symlinking: /home/nargas/FUM6RProjectFiles/plugin/torque_message/install/torque_message/share/torque_message/cmake/rosidl_cmake-extras.cmake
-- Symlinking: /home/nargas/FUM6RProjectFiles/plugin/torque_message/install/torque_message/share/torque_message/cmake/ament_cmake_export_dependencies-extras.cmake
-- Symlinking: /home/nargas/FUM6RProjectFiles/plugin/torque_message/install/torque_message/share/torque_message/cmake/ament_cmake_export_libraries-extras.cmake
-- Symlinking: /home/nargas/FUM6RProjectFiles/plugin/torque_message/install/torque_message/share/torque_message/cmake/ament_cmake_export_targets-extras.cmake
-- Symlinking: /home/nargas/FUM6RProjectFiles/plugin/torque_message/install/torque_message/share/torque_message/cmake/ament_cmake_export_include_directories-extras.cmake
-- Symlinking: /home/nargas/FUM6RProjectFiles/plugin/torque_message/install/torque_message/share/torque_message/cmake/rosidl_cmake_export_typesupport_libraries-extras.cmake
-- Symlinking: /home/nargas/FUM6RProjectFiles/plugin/torque_message/install/torque_message/share/torque_message/cmake/rosidl_cmake_export_typesupport_targets-extras.cmake
-- Symlinking: /home/nargas/FUM6RProjectFiles/plugin/torque_message/install/torque_message/share/torque_message/cmake/torque_messageConfig.cmake
-- Symlinking: /home/nargas/FUM6RProjectFiles/plugin/torque_message/install/torque_message/share/torque_message/cmake/torque_messageConfig-version.cmake
-- Symlinking: /home/nargas/FUM6RProjectFiles/plugin/torque_message/install/torque_message/share/torque_message/package.xml
-- Installing: /home/nargas/FUM6RProjectFiles/plugin/torque_message/install/torque_message/lib/libtorque_message__rosidl_generator_c.so
-- Set runtime path of "/home/nargas/FUM6RProjectFiles/plugin/torque_message/install/torque_message/lib/libtorque_message__rosidl_generator_c.so" to ""
-- Installing: /home/nargas/FUM6RProjectFiles/plugin/torque_message/install/torque_message/lib/libtorque_message__rosidl_typesupport_introspection_c.so
-- Set runtime path of "/home/nargas/FUM6RProjectFiles/plugin/torque_message/install/torque_message/lib/libtorque_message__rosidl_typesupport_introspection_c.so" to ""
-- Installing: /home/nargas/FUM6RProjectFiles/plugin/torque_message/install/torque_message/lib/libtorque_message__rosidl_typesupport_c.so
-- Set runtime path of "/home/nargas/FUM6RProjectFiles/plugin/torque_message/install/torque_message/lib/libtorque_message__rosidl_typesupport_c.so" to ""
-- Installing: /home/nargas/FUM6RProjectFiles/plugin/torque_message/install/torque_message/lib/libtorque_message__rosidl_typesupport_introspection_cpp.so
-- Set runtime path of "/home/nargas/FUM6RProjectFiles/plugin/torque_message/install/torque_message/lib/libtorque_message__rosidl_typesupport_introspection_cpp.so" to ""
-- Installing: /home/nargas/FUM6RProjectFiles/plugin/torque_message/install/torque_message/lib/libtorque_message__rosidl_typesupport_cpp.so
-- Set runtime path of "/home/nargas/FUM6RProjectFiles/plugin/torque_message/install/torque_message/lib/libtorque_message__rosidl_typesupport_cpp.so" to ""
Compiling '/home/nargas/FUM6RProjectFiles/plugin/torque_message/install/torque_message/lib/python3.8/site-packages/torque_message/__init__.py'...
-- Installing: /home/nargas/FUM6RProjectFiles/plugin/torque_message/install/torque_message/share/torque_message/cmake/torque_message__rosidl_generator_cExport.cmake
-- Installing: /home/nargas/FUM6RProjectFiles/plugin/torque_message/install/torque_message/share/torque_message/cmake/torque_message__rosidl_generator_cExport-noconfig.cmake
-- Installing: /home/nargas/FUM6RProjectFiles/plugin/torque_message/install/torque_message/share/torque_message/cmake/torque_message__rosidl_typesupport_introspection_cExport.cmake
-- Installing: /home/nargas/FUM6RProjectFiles/plugin/torque_message/install/torque_message/share/torque_message/cmake/torque_message__rosidl_typesupport_introspection_cExport-noconfig.cmake
-- Installing: /home/nargas/FUM6RProjectFiles/plugin/torque_message/install/torque_message/share/torque_message/cmake/torque_message__rosidl_typesupport_cExport.cmake
-- Installing: /home/nargas/FUM6RProjectFiles/plugin/torque_message/install/torque_message/share/torque_message/cmake/torque_message__rosidl_typesupport_cExport-noconfig.cmake
-- Installing: /home/nargas/FUM6RProjectFiles/plugin/torque_message/install/torque_message/share/torque_message/cmake/torque_message__rosidl_generator_cppExport.cmake
-- Installing: /home/nargas/FUM6RProjectFiles/plugin/torque_message/install/torque_message/share/torque_message/cmake/torque_message__rosidl_typesupport_introspection_cppExport.cmake
-- Installing: /home/nargas/FUM6RProjectFiles/plugin/torque_message/install/torque_message/share/torque_message/cmake/torque_message__rosidl_typesupport_introspection_cppExport-noconfig.cmake
-- Installing: /home/nargas/FUM6RProjectFiles/plugin/torque_message/install/torque_message/share/torque_message/cmake/torque_message__rosidl_typesupport_cppExport.cmake
-- Installing: /home/nargas/FUM6RProjectFiles/plugin/torque_message/install/torque_message/share/torque_message/cmake/torque_message__rosidl_typesupport_cppExport-noconfig.cmake
