[0.014s] Invoking command in '/home/nargas/FUM6RProjectFiles/plugin/torque_message/build/torque_message': CMAKE_PREFIX_PATH=/opt/ros/foxy /usr/bin/cmake /home/nargas/FUM6RProjectFiles/plugin/torque_message -DAMENT_CMAKE_SYMLINK_INSTALL=1 -DCMAKE_INSTALL_PREFIX=/home/nargas/FUM6RProjectFiles/plugin/torque_message/install/torque_message
[0.295s] -- The C compiler identification is GNU 9.4.0
[0.524s] -- The CXX compiler identification is GNU 9.4.0
[0.531s] -- Check for working C compiler: /usr/bin/cc
[0.597s] -- Check for working C compiler: /usr/bin/cc -- works
[0.598s] -- Detecting C compiler ABI info
[0.663s] -- Detecting C compiler ABI info - done
[0.674s] -- Detecting C compile features
[0.675s] -- Detecting C compile features - done
[0.677s] -- Check for working CXX compiler: /usr/bin/c++
[0.752s] -- Check for working CXX compiler: /usr/bin/c++ -- works
[0.753s] -- Detecting CXX compiler ABI info
[0.828s] -- Detecting CXX compiler ABI info - done
[0.841s] -- Detecting CXX compile features
[0.841s] -- Detecting CXX compile features - done
[0.844s] -- Found ament_cmake: 0.9.11 (/opt/ros/foxy/share/ament_cmake/cmake)
[0.869s] -- Found PythonInterp: /usr/bin/python3 (found suitable version "3.8.10", minimum required is "3") 
[0.869s] -- Using PYTHON_EXECUTABLE: /usr/bin/python3
[1.026s] -- Override CMake install command with custom implementation using symlinks instead of copying resources
[1.053s] -- Found geometry_msgs: 2.0.5 (/opt/ros/foxy/share/geometry_msgs/cmake)
[1.085s] -- Using all available rosidl_typesupport_c: rosidl_typesupport_fastrtps_c;rosidl_typesupport_introspection_c
[1.092s] -- Found rosidl_adapter: 1.3.0 (/opt/ros/foxy/share/rosidl_adapter/cmake)
[1.170s] -- Found OpenSSL: /usr/lib/x86_64-linux-gnu/libcrypto.so (found version "1.1.1f")  
[1.197s] -- Found FastRTPS: /opt/ros/foxy/include  
[1.279s] -- Using all available rosidl_typesupport_cpp: rosidl_typesupport_fastrtps_cpp;rosidl_typesupport_introspection_cpp
[1.368s] -- Found sensor_msgs: 2.0.5 (/opt/ros/foxy/share/sensor_msgs/cmake)
[1.438s] -- Found rosidl_default_generators: 1.0.1 (/opt/ros/foxy/share/rosidl_default_generators/cmake)
[1.467s] -- Found PythonInterp: /usr/bin/python3 (found version "3.8.10") 
[1.655s] -- Found ament_cmake_ros: 0.9.2 (/opt/ros/foxy/share/ament_cmake_ros/cmake)
[1.940s] -- Using all available rosidl_typesupport_c: rosidl_typesupport_fastrtps_c;rosidl_typesupport_introspection_c
[2.083s] -- Using all available rosidl_typesupport_cpp: rosidl_typesupport_fastrtps_cpp;rosidl_typesupport_introspection_cpp
[2.105s] -- Found PythonInterp: /usr/bin/python3 (found suitable version "3.8.10", minimum required is "3.5") 
[2.107s] -- Found python_cmake_module: 0.8.1 (/opt/ros/foxy/share/python_cmake_module/cmake)
[2.131s] -- Found PythonLibs: /usr/lib/x86_64-linux-gnu/libpython3.8.so (found suitable version "3.8.10", minimum required is "3.5") 
[2.131s] -- Using PYTHON_EXECUTABLE: /usr/bin/python3
[2.131s] -- Using PYTHON_INCLUDE_DIRS: /usr/include/python3.8
[2.131s] -- Using PYTHON_LIBRARIES: /usr/lib/x86_64-linux-gnu/libpython3.8.so
[2.150s] -- Found PythonExtra: .so  
[2.240s] -- Found ament_lint_auto: 0.9.8 (/opt/ros/foxy/share/ament_lint_auto/cmake)
[2.265s] -- Added test 'copyright' to check source files copyright and LICENSE
[2.272s] -- Added test 'cppcheck' to perform static code analysis on C / C++ code
[2.274s] -- Configured cppcheck include dirs: $<BUILD_INTERFACE:/home/nargas/FUM6RProjectFiles/plugin/torque_message/build/torque_message/rosidl_generator_c>;/home/nargas/FUM6RProjectFiles/plugin/torque_message/build/torque_message/rosidl_generator_c;/home/nargas/FUM6RProjectFiles/plugin/torque_message/build/torque_message/rosidl_generator_cpp;/home/nargas/FUM6RProjectFiles/plugin/torque_message/build/torque_message/rosidl_typesupport_fastrtps_c;/home/nargas/FUM6RProjectFiles/plugin/torque_message/build/torque_message/rosidl_typesupport_fastrtps_cpp;$<BUILD_INTERFACE:/home/nargas/FUM6RProjectFiles/plugin/torque_message/build/torque_message/rosidl_typesupport_introspection_c>;$<BUILD_INTERFACE:/home/nargas/FUM6RProjectFiles/plugin/torque_message/build/torque_message/rosidl_typesupport_c>;$<BUILD_INTERFACE:/home/nargas/FUM6RProjectFiles/plugin/torque_message/build/torque_message/rosidl_generator_cpp>;/home/nargas/FUM6RProjectFiles/plugin/torque_message/build/torque_message/rosidl_generator_py
[2.274s] -- Configured cppcheck exclude dirs and/or files: 
[2.281s] -- Added test 'cpplint' to check C / C++ code against the Google style
[2.281s] -- Configured cpplint exclude dirs and/or files: 
[2.282s] -- Added test 'flake8' to check Python code syntax and style conventions
[2.284s] -- Added test 'lint_cmake' to check CMake code style
[2.285s] -- Added test 'pep257' to check Python code against some of the style conventions in PEP 257
[2.293s] -- Added test 'uncrustify' to check C / C++ code style
[2.293s] -- Configured uncrustify additional arguments: 
[2.294s] -- Added test 'xmllint' to check XML markup files
[2.300s] -- Configuring done
[2.364s] -- Generating done
[2.367s] -- Build files have been written to: /home/nargas/FUM6RProjectFiles/plugin/torque_message/build/torque_message
[2.374s] Invoked command in '/home/nargas/FUM6RProjectFiles/plugin/torque_message/build/torque_message' returned '0': CMAKE_PREFIX_PATH=/opt/ros/foxy /usr/bin/cmake /home/nargas/FUM6RProjectFiles/plugin/torque_message -DAMENT_CMAKE_SYMLINK_INSTALL=1 -DCMAKE_INSTALL_PREFIX=/home/nargas/FUM6RProjectFiles/plugin/torque_message/install/torque_message
[2.377s] Invoking command in '/home/nargas/FUM6RProjectFiles/plugin/torque_message/build/torque_message': CMAKE_PREFIX_PATH=/opt/ros/foxy /usr/bin/cmake --build /home/nargas/FUM6RProjectFiles/plugin/torque_message/build/torque_message -- -j8 -l8
[2.415s] [35m[1mScanning dependencies of target torque_message__cpp[0m
[2.416s] [  3%] [34m[1mGenerating C code for ROS interfaces[0m
[2.426s] [  6%] [34m[1mGenerating C++ code for ROS interfaces[0m
[2.666s] [35m[1mScanning dependencies of target torque_message__rosidl_generator_c[0m
[2.671s] [  6%] Built target torque_message__cpp
[2.683s] [  9%] [34m[1mGenerating C++ type support for eProsima Fast-RTPS[0m
[2.683s] [ 12%] [34m[1mGenerating C++ type support dispatch for ROS interfaces[0m
[2.683s] [ 16%] [34m[1mGenerating C++ introspection for ROS interfaces[0m
[2.695s] [ 19%] [32mBuilding C object CMakeFiles/torque_message__rosidl_generator_c.dir/rosidl_generator_c/torque_message/srv/detail/tr_msg__functions.c.o[0m
[2.772s] [ 22%] [32m[1mLinking C shared library libtorque_message__rosidl_generator_c.so[0m
[2.819s] [ 22%] Built target torque_message__rosidl_generator_c
[2.832s] [ 25%] [34m[1mGenerating C introspection for ROS interfaces[0m
[2.835s] [ 29%] [34m[1mGenerating C type support dispatch for ROS interfaces[0m
[2.931s] [35m[1mScanning dependencies of target torque_message__rosidl_typesupport_cpp[0m
[2.944s] [35m[1mScanning dependencies of target torque_message__rosidl_typesupport_introspection_cpp[0m
[2.951s] [ 32%] [32mBuilding CXX object CMakeFiles/torque_message__rosidl_typesupport_cpp.dir/rosidl_typesupport_cpp/torque_message/srv/tr_msg__type_support.cpp.o[0m
[2.961s] [ 35%] [32mBuilding CXX object CMakeFiles/torque_message__rosidl_typesupport_introspection_cpp.dir/rosidl_typesupport_introspection_cpp/torque_message/srv/detail/tr_msg__type_support.cpp.o[0m
[2.973s] [35m[1mScanning dependencies of target torque_message__rosidl_typesupport_fastrtps_cpp[0m
[3.001s] [ 38%] [32mBuilding CXX object CMakeFiles/torque_message__rosidl_typesupport_fastrtps_cpp.dir/rosidl_typesupport_fastrtps_cpp/torque_message/srv/detail/dds_fastrtps/tr_msg__type_support.cpp.o[0m
[3.238s] [35m[1mScanning dependencies of target torque_message__rosidl_typesupport_c[0m
[3.251s] [35m[1mScanning dependencies of target torque_message__rosidl_typesupport_introspection_c[0m
[3.261s] [ 45%] [32m[1mLinking CXX shared library libtorque_message__rosidl_typesupport_cpp.so[0m
[3.261s] [ 45%] [32mBuilding CXX object CMakeFiles/torque_message__rosidl_typesupport_c.dir/rosidl_typesupport_c/torque_message/srv/tr_msg__type_support.cpp.o[0m
[3.271s] [ 48%] [32mBuilding C object CMakeFiles/torque_message__rosidl_typesupport_introspection_c.dir/rosidl_typesupport_introspection_c/torque_message/srv/detail/tr_msg__type_support.c.o[0m
[3.295s] [ 51%] [32m[1mLinking CXX shared library libtorque_message__rosidl_typesupport_introspection_cpp.so[0m
[3.306s] [ 54%] [32m[1mLinking CXX shared library libtorque_message__rosidl_typesupport_c.so[0m
[3.307s] [ 54%] Built target torque_message__rosidl_typesupport_cpp
[3.320s] [ 58%] [32m[1mLinking C shared library libtorque_message__rosidl_typesupport_introspection_c.so[0m
[3.355s] [ 58%] Built target torque_message__rosidl_typesupport_c
[3.359s] [ 58%] Built target torque_message__rosidl_typesupport_introspection_c
[3.383s] [ 58%] Built target torque_message__rosidl_typesupport_introspection_cpp
[3.471s] [ 61%] [32m[1mLinking CXX shared library libtorque_message__rosidl_typesupport_fastrtps_cpp.so[0m
[3.559s] [ 61%] Built target torque_message__rosidl_typesupport_fastrtps_cpp
[3.570s] [ 64%] [34m[1mGenerating C type support for eProsima Fast-RTPS[0m
[3.802s] [35m[1mScanning dependencies of target torque_message__rosidl_typesupport_fastrtps_c[0m
[3.823s] [ 67%] [32mBuilding CXX object CMakeFiles/torque_message__rosidl_typesupport_fastrtps_c.dir/rosidl_typesupport_fastrtps_c/torque_message/srv/detail/tr_msg__type_support_c.cpp.o[0m
[4.130s] [ 70%] [32m[1mLinking CXX shared library libtorque_message__rosidl_typesupport_fastrtps_c.so[0m
[4.216s] [ 70%] Built target torque_message__rosidl_typesupport_fastrtps_c
[4.226s] [35m[1mScanning dependencies of target torque_message[0m
[4.236s] [ 70%] Built target torque_message
[4.247s] [35m[1mScanning dependencies of target torque_message__py[0m
[4.258s] [ 74%] [34m[1mGenerating Python code for ROS interfaces[0m
[4.738s] [ 74%] Built target torque_message__py
[4.749s] [35m[1mScanning dependencies of target torque_message__python[0m
[4.782s] [ 77%] [32mBuilding C object CMakeFiles/torque_message__python.dir/rosidl_generator_py/torque_message/srv/_tr_msg_s.c.o[0m
[4.887s] [ 80%] [32m[1mLinking C shared library rosidl_generator_py/torque_message/libtorque_message__python.so[0m
[4.932s] [ 80%] Built target torque_message__python
[4.941s] [35m[1mScanning dependencies of target torque_message__rosidl_typesupport_introspection_c__pyext[0m
[4.942s] [35m[1mScanning dependencies of target torque_message__rosidl_typesupport_fastrtps_c__pyext[0m
[4.942s] [35m[1mScanning dependencies of target torque_message__rosidl_typesupport_c__pyext[0m
[4.961s] [ 83%] [32mBuilding C object CMakeFiles/torque_message__rosidl_typesupport_introspection_c__pyext.dir/rosidl_generator_py/torque_message/_torque_message_s.ep.rosidl_typesupport_introspection_c.c.o[0m
[4.962s] [ 87%] [32mBuilding C object CMakeFiles/torque_message__rosidl_typesupport_c__pyext.dir/rosidl_generator_py/torque_message/_torque_message_s.ep.rosidl_typesupport_c.c.o[0m
[4.964s] [ 90%] [32mBuilding C object CMakeFiles/torque_message__rosidl_typesupport_fastrtps_c__pyext.dir/rosidl_generator_py/torque_message/_torque_message_s.ep.rosidl_typesupport_fastrtps_c.c.o[0m
[5.038s] [ 96%] [32m[1mLinking C shared library rosidl_generator_py/torque_message/torque_message_s__rosidl_typesupport_introspection_c.cpython-38-x86_64-linux-gnu.so[0m
[5.038s] [ 96%] [32m[1mLinking C shared library rosidl_generator_py/torque_message/torque_message_s__rosidl_typesupport_c.cpython-38-x86_64-linux-gnu.so[0m
[5.043s] [100%] [32m[1mLinking CXX shared library rosidl_generator_py/torque_message/torque_message_s__rosidl_typesupport_fastrtps_c.cpython-38-x86_64-linux-gnu.so[0m
[5.079s] [100%] Built target torque_message__rosidl_typesupport_c__pyext
[5.079s] [100%] Built target torque_message__rosidl_typesupport_introspection_c__pyext
[5.114s] [100%] Built target torque_message__rosidl_typesupport_fastrtps_c__pyext
[5.125s] Invoked command in '/home/nargas/FUM6RProjectFiles/plugin/torque_message/build/torque_message' returned '0': CMAKE_PREFIX_PATH=/opt/ros/foxy /usr/bin/cmake --build /home/nargas/FUM6RProjectFiles/plugin/torque_message/build/torque_message -- -j8 -l8
[5.181s] Invoking command in '/home/nargas/FUM6RProjectFiles/plugin/torque_message/build/torque_message': CMAKE_PREFIX_PATH=/opt/ros/foxy /usr/bin/cmake --install /home/nargas/FUM6RProjectFiles/plugin/torque_message/build/torque_message
[5.191s] -- Install configuration: ""
[5.192s] -- Execute custom install script
[5.192s] -- Symlinking: /home/nargas/FUM6RProjectFiles/plugin/torque_message/install/torque_message/share/ament_index/resource_index/rosidl_interfaces/torque_message
[5.201s] -- Symlinking: /home/nargas/FUM6RProjectFiles/plugin/torque_message/install/torque_message/include/torque_message/msg/rosidl_generator_c__visibility_control.h
[5.209s] -- Symlinking: /home/nargas/FUM6RProjectFiles/plugin/torque_message/install/torque_message/include/torque_message/srv/detail/tr_msg__functions.h
[5.217s] -- Symlinking: /home/nargas/FUM6RProjectFiles/plugin/torque_message/install/torque_message/include/torque_message/srv/detail/tr_msg__struct.h
[5.226s] -- Symlinking: /home/nargas/FUM6RProjectFiles/plugin/torque_message/install/torque_message/include/torque_message/srv/detail/tr_msg__type_support.h
[5.234s] -- Symlinking: /home/nargas/FUM6RProjectFiles/plugin/torque_message/install/torque_message/include/torque_message/srv/tr_msg.h
[5.243s] -- Symlinking: /home/nargas/FUM6RProjectFiles/plugin/torque_message/install/torque_message/share/torque_message/environment/library_path.sh
[5.252s] -- Symlinking: /home/nargas/FUM6RProjectFiles/plugin/torque_message/install/torque_message/share/torque_message/environment/library_path.dsv
[5.261s] -- Symlinking: /home/nargas/FUM6RProjectFiles/plugin/torque_message/install/torque_message/include/torque_message/msg/rosidl_typesupport_fastrtps_c__visibility_control.h
[5.270s] -- Symlinking: /home/nargas/FUM6RProjectFiles/plugin/torque_message/install/torque_message/include/torque_message/srv/detail/tr_msg__rosidl_typesupport_fastrtps_c.h
[5.279s] -- Symlinking: /home/nargas/FUM6RProjectFiles/plugin/torque_message/install/torque_message/lib/libtorque_message__rosidl_typesupport_fastrtps_c.so
[5.288s] -- Symlinking: /home/nargas/FUM6RProjectFiles/plugin/torque_message/install/torque_message/include/torque_message/msg/rosidl_typesupport_fastrtps_cpp__visibility_control.h
[5.296s] -- Symlinking: /home/nargas/FUM6RProjectFiles/plugin/torque_message/install/torque_message/include/torque_message/srv/detail/tr_msg__rosidl_typesupport_fastrtps_cpp.hpp
[5.305s] -- Symlinking: /home/nargas/FUM6RProjectFiles/plugin/torque_message/install/torque_message/lib/libtorque_message__rosidl_typesupport_fastrtps_cpp.so
[5.313s] -- Symlinking: /home/nargas/FUM6RProjectFiles/plugin/torque_message/install/torque_message/include/torque_message/msg/rosidl_typesupport_introspection_c__visibility_control.h
[5.322s] -- Symlinking: /home/nargas/FUM6RProjectFiles/plugin/torque_message/install/torque_message/include/torque_message/srv/detail/tr_msg__rosidl_typesupport_introspection_c.h
[5.330s] -- Symlinking: /home/nargas/FUM6RProjectFiles/plugin/torque_message/install/torque_message/include/torque_message/srv/detail/tr_msg__builder.hpp
[5.338s] -- Symlinking: /home/nargas/FUM6RProjectFiles/plugin/torque_message/install/torque_message/include/torque_message/srv/detail/tr_msg__struct.hpp
[5.347s] -- Symlinking: /home/nargas/FUM6RProjectFiles/plugin/torque_message/install/torque_message/include/torque_message/srv/detail/tr_msg__traits.hpp
[5.355s] -- Symlinking: /home/nargas/FUM6RProjectFiles/plugin/torque_message/install/torque_message/include/torque_message/srv/tr_msg.hpp
[5.364s] -- Symlinking: /home/nargas/FUM6RProjectFiles/plugin/torque_message/install/torque_message/include/torque_message/srv/detail/tr_msg__rosidl_typesupport_introspection_cpp.hpp
[5.372s] -- Symlinking: /home/nargas/FUM6RProjectFiles/plugin/torque_message/install/torque_message/share/torque_message/environment/pythonpath.sh
[5.381s] -- Symlinking: /home/nargas/FUM6RProjectFiles/plugin/torque_message/install/torque_message/share/torque_message/environment/pythonpath.dsv
[5.389s] -- Symlinking: /home/nargas/FUM6RProjectFiles/plugin/torque_message/install/torque_message/lib/python3.8/site-packages/torque_message/__init__.py
[5.397s] -- Symlinking: /home/nargas/FUM6RProjectFiles/plugin/torque_message/install/torque_message/lib/python3.8/site-packages/torque_message/srv/__init__.py
[5.406s] -- Symlinking: /home/nargas/FUM6RProjectFiles/plugin/torque_message/install/torque_message/lib/python3.8/site-packages/torque_message/srv/_tr_msg.py
[5.414s] -- Symlinking: /home/nargas/FUM6RProjectFiles/plugin/torque_message/install/torque_message/lib/python3.8/site-packages/torque_message/torque_message_s__rosidl_typesupport_fastrtps_c.cpython-38-x86_64-linux-gnu.so
[5.423s] -- Symlinking: /home/nargas/FUM6RProjectFiles/plugin/torque_message/install/torque_message/lib/python3.8/site-packages/torque_message/torque_message_s__rosidl_typesupport_introspection_c.cpython-38-x86_64-linux-gnu.so
[5.431s] -- Symlinking: /home/nargas/FUM6RProjectFiles/plugin/torque_message/install/torque_message/lib/python3.8/site-packages/torque_message/torque_message_s__rosidl_typesupport_c.cpython-38-x86_64-linux-gnu.so
[5.440s] -- Symlinking: /home/nargas/FUM6RProjectFiles/plugin/torque_message/install/torque_message/lib/libtorque_message__python.so
[5.449s] -- Symlinking: /home/nargas/FUM6RProjectFiles/plugin/torque_message/install/torque_message/share/torque_message/srv/TRMsg.idl
[5.458s] -- Symlinking: /home/nargas/FUM6RProjectFiles/plugin/torque_message/install/torque_message/share/torque_message/srv/TRMsg.srv
[5.467s] -- Symlinking: /home/nargas/FUM6RProjectFiles/plugin/torque_message/install/torque_message/share/torque_message/srv/TRMsg_Request.msg
[5.475s] -- Symlinking: /home/nargas/FUM6RProjectFiles/plugin/torque_message/install/torque_message/share/torque_message/srv/TRMsg_Response.msg
[5.483s] -- Symlinking: /home/nargas/FUM6RProjectFiles/plugin/torque_message/install/torque_message/share/ament_index/resource_index/package_run_dependencies/torque_message
[5.492s] -- Symlinking: /home/nargas/FUM6RProjectFiles/plugin/torque_message/install/torque_message/share/ament_index/resource_index/parent_prefix_path/torque_message
[5.501s] -- Symlinking: /home/nargas/FUM6RProjectFiles/plugin/torque_message/install/torque_message/share/torque_message/environment/ament_prefix_path.sh
[5.509s] -- Symlinking: /home/nargas/FUM6RProjectFiles/plugin/torque_message/install/torque_message/share/torque_message/environment/ament_prefix_path.dsv
[5.518s] -- Symlinking: /home/nargas/FUM6RProjectFiles/plugin/torque_message/install/torque_message/share/torque_message/environment/path.sh
[5.527s] -- Symlinking: /home/nargas/FUM6RProjectFiles/plugin/torque_message/install/torque_message/share/torque_message/environment/path.dsv
[5.535s] -- Symlinking: /home/nargas/FUM6RProjectFiles/plugin/torque_message/install/torque_message/share/torque_message/local_setup.bash
[5.544s] -- Symlinking: /home/nargas/FUM6RProjectFiles/plugin/torque_message/install/torque_message/share/torque_message/local_setup.sh
[5.553s] -- Symlinking: /home/nargas/FUM6RProjectFiles/plugin/torque_message/install/torque_message/share/torque_message/local_setup.zsh
[5.562s] -- Symlinking: /home/nargas/FUM6RProjectFiles/plugin/torque_message/install/torque_message/share/torque_message/local_setup.dsv
[5.571s] -- Symlinking: /home/nargas/FUM6RProjectFiles/plugin/torque_message/install/torque_message/share/torque_message/package.dsv
[5.579s] -- Symlinking: /home/nargas/FUM6RProjectFiles/plugin/torque_message/install/torque_message/share/ament_index/resource_index/packages/torque_message
[5.588s] -- Symlinking: /home/nargas/FUM6RProjectFiles/plugin/torque_message/install/torque_message/share/torque_message/cmake/rosidl_cmake-extras.cmake
[5.596s] -- Symlinking: /home/nargas/FUM6RProjectFiles/plugin/torque_message/install/torque_message/share/torque_message/cmake/ament_cmake_export_dependencies-extras.cmake
[5.604s] -- Symlinking: /home/nargas/FUM6RProjectFiles/plugin/torque_message/install/torque_message/share/torque_message/cmake/ament_cmake_export_libraries-extras.cmake
[5.612s] -- Symlinking: /home/nargas/FUM6RProjectFiles/plugin/torque_message/install/torque_message/share/torque_message/cmake/ament_cmake_export_targets-extras.cmake
[5.621s] -- Symlinking: /home/nargas/FUM6RProjectFiles/plugin/torque_message/install/torque_message/share/torque_message/cmake/ament_cmake_export_include_directories-extras.cmake
[5.629s] -- Symlinking: /home/nargas/FUM6RProjectFiles/plugin/torque_message/install/torque_message/share/torque_message/cmake/rosidl_cmake_export_typesupport_libraries-extras.cmake
[5.638s] -- Symlinking: /home/nargas/FUM6RProjectFiles/plugin/torque_message/install/torque_message/share/torque_message/cmake/rosidl_cmake_export_typesupport_targets-extras.cmake
[5.647s] -- Symlinking: /home/nargas/FUM6RProjectFiles/plugin/torque_message/install/torque_message/share/torque_message/cmake/torque_messageConfig.cmake
[5.655s] -- Symlinking: /home/nargas/FUM6RProjectFiles/plugin/torque_message/install/torque_message/share/torque_message/cmake/torque_messageConfig-version.cmake
[5.664s] -- Symlinking: /home/nargas/FUM6RProjectFiles/plugin/torque_message/install/torque_message/share/torque_message/package.xml
[5.673s] -- Installing: /home/nargas/FUM6RProjectFiles/plugin/torque_message/install/torque_message/lib/libtorque_message__rosidl_generator_c.so
[5.673s] -- Set runtime path of "/home/nargas/FUM6RProjectFiles/plugin/torque_message/install/torque_message/lib/libtorque_message__rosidl_generator_c.so" to ""
[5.673s] -- Installing: /home/nargas/FUM6RProjectFiles/plugin/torque_message/install/torque_message/lib/libtorque_message__rosidl_typesupport_introspection_c.so
[5.674s] -- Set runtime path of "/home/nargas/FUM6RProjectFiles/plugin/torque_message/install/torque_message/lib/libtorque_message__rosidl_typesupport_introspection_c.so" to ""
[5.674s] -- Installing: /home/nargas/FUM6RProjectFiles/plugin/torque_message/install/torque_message/lib/libtorque_message__rosidl_typesupport_c.so
[5.674s] -- Set runtime path of "/home/nargas/FUM6RProjectFiles/plugin/torque_message/install/torque_message/lib/libtorque_message__rosidl_typesupport_c.so" to ""
[5.674s] -- Installing: /home/nargas/FUM6RProjectFiles/plugin/torque_message/install/torque_message/lib/libtorque_message__rosidl_typesupport_introspection_cpp.so
[5.675s] -- Set runtime path of "/home/nargas/FUM6RProjectFiles/plugin/torque_message/install/torque_message/lib/libtorque_message__rosidl_typesupport_introspection_cpp.so" to ""
[5.675s] -- Installing: /home/nargas/FUM6RProjectFiles/plugin/torque_message/install/torque_message/lib/libtorque_message__rosidl_typesupport_cpp.so
[5.675s] -- Set runtime path of "/home/nargas/FUM6RProjectFiles/plugin/torque_message/install/torque_message/lib/libtorque_message__rosidl_typesupport_cpp.so" to ""
[5.703s] Compiling '/home/nargas/FUM6RProjectFiles/plugin/torque_message/install/torque_message/lib/python3.8/site-packages/torque_message/__init__.py'...
[5.706s] -- Installing: /home/nargas/FUM6RProjectFiles/plugin/torque_message/install/torque_message/share/torque_message/cmake/torque_message__rosidl_generator_cExport.cmake
[5.706s] -- Installing: /home/nargas/FUM6RProjectFiles/plugin/torque_message/install/torque_message/share/torque_message/cmake/torque_message__rosidl_generator_cExport-noconfig.cmake
[5.707s] -- Installing: /home/nargas/FUM6RProjectFiles/plugin/torque_message/install/torque_message/share/torque_message/cmake/torque_message__rosidl_typesupport_introspection_cExport.cmake
[5.707s] -- Installing: /home/nargas/FUM6RProjectFiles/plugin/torque_message/install/torque_message/share/torque_message/cmake/torque_message__rosidl_typesupport_introspection_cExport-noconfig.cmake
[5.707s] -- Installing: /home/nargas/FUM6RProjectFiles/plugin/torque_message/install/torque_message/share/torque_message/cmake/torque_message__rosidl_typesupport_cExport.cmake
[5.707s] -- Installing: /home/nargas/FUM6RProjectFiles/plugin/torque_message/install/torque_message/share/torque_message/cmake/torque_message__rosidl_typesupport_cExport-noconfig.cmake
[5.707s] -- Installing: /home/nargas/FUM6RProjectFiles/plugin/torque_message/install/torque_message/share/torque_message/cmake/torque_message__rosidl_generator_cppExport.cmake
[5.707s] -- Installing: /home/nargas/FUM6RProjectFiles/plugin/torque_message/install/torque_message/share/torque_message/cmake/torque_message__rosidl_typesupport_introspection_cppExport.cmake
[5.708s] -- Installing: /home/nargas/FUM6RProjectFiles/plugin/torque_message/install/torque_message/share/torque_message/cmake/torque_message__rosidl_typesupport_introspection_cppExport-noconfig.cmake
[5.708s] -- Installing: /home/nargas/FUM6RProjectFiles/plugin/torque_message/install/torque_message/share/torque_message/cmake/torque_message__rosidl_typesupport_cppExport.cmake
[5.708s] -- Installing: /home/nargas/FUM6RProjectFiles/plugin/torque_message/install/torque_message/share/torque_message/cmake/torque_message__rosidl_typesupport_cppExport-noconfig.cmake
[5.711s] Invoked command in '/home/nargas/FUM6RProjectFiles/plugin/torque_message/build/torque_message' returned '0': CMAKE_PREFIX_PATH=/opt/ros/foxy /usr/bin/cmake --install /home/nargas/FUM6RProjectFiles/plugin/torque_message/build/torque_message
